{"total": {"lines":{"total":487,"covered":197,"skipped":0,"pct":40.45},"statements":{"total":504,"covered":200,"skipped":0,"pct":39.68},"functions":{"total":82,"covered":33,"skipped":0,"pct":40.24},"branches":{"total":218,"covered":95,"skipped":0,"pct":43.57},"branchesTrue":{"total":0,"covered":0,"skipped":0,"pct":100}}
,"/home/knights/Documents/Drips Miantainer Project/SoroTask/keeper/babel.config.js": {"lines":{"total":1,"covered":0,"skipped":0,"pct":0},"functions":{"total":0,"covered":0,"skipped":0,"pct":100},"statements":{"total":1,"covered":0,"skipped":0,"pct":0},"branches":{"total":0,"covered":0,"skipped":0,"pct":100}}
,"/home/knights/Documents/Drips Miantainer Project/SoroTask/keeper/index.js": {"lines":{"total":86,"covered":0,"skipped":0,"pct":0},"functions":{"total":13,"covered":0,"skipped":0,"pct":0},"statements":{"total":93,"covered":0,"skipped":0,"pct":0},"branches":{"total":14,"covered":0,"skipped":0,"pct":0}}
,"/home/knights/Documents/Drips Miantainer Project/SoroTask/keeper/test-cjs.js": {"lines":{"total":1,"covered":0,"skipped":0,"pct":0},"functions":{"total":0,"covered":0,"skipped":0,"pct":100},"statements":{"total":2,"covered":0,"skipped":0,"pct":0},"branches":{"total":0,"covered":0,"skipped":0,"pct":100}}
,"/home/knights/Documents/Drips Miantainer Project/SoroTask/keeper/test-esm.js": {"lines":{"total":1,"covered":0,"skipped":0,"pct":0},"functions":{"total":0,"covered":0,"skipped":0,"pct":100},"statements":{"total":1,"covered":0,"skipped":0,"pct":0},"branches":{"total":0,"covered":0,"skipped":0,"pct":100}}
,"/home/knights/Documents/Drips Miantainer Project/SoroTask/keeper/src/account.js": {"lines":{"total":30,"covered":6,"skipped":0,"pct":20},"functions":{"total":4,"covered":1,"skipped":0,"pct":25},"statements":{"total":31,"covered":6,"skipped":0,"pct":19.35},"branches":{"total":16,"covered":1,"skipped":0,"pct":6.25}}
,"/home/knights/Documents/Drips Miantainer Project/SoroTask/keeper/src/config.js": {"lines":{"total":6,"covered":0,"skipped":0,"pct":0},"functions":{"total":2,"covered":0,"skipped":0,"pct":0},"statements":{"total":7,"covered":0,"skipped":0,"pct":0},"branches":{"total":4,"covered":0,"skipped":0,"pct":0}}
,"/home/knights/Documents/Drips Miantainer Project/SoroTask/keeper/src/executor.js": {"lines":{"total":3,"covered":0,"skipped":0,"pct":0},"functions":{"total":3,"covered":0,"skipped":0,"pct":0},"statements":{"total":3,"covered":0,"skipped":0,"pct":0},"branches":{"total":0,"covered":0,"skipped":0,"pct":100}}
,"/home/knights/Documents/Drips Miantainer Project/SoroTask/keeper/src/gasMonitor.js": {"lines":{"total":38,"covered":22,"skipped":0,"pct":57.89},"functions":{"total":5,"covered":4,"skipped":0,"pct":80},"statements":{"total":39,"covered":22,"skipped":0,"pct":56.41},"branches":{"total":33,"covered":17,"skipped":0,"pct":51.51}}
,"/home/knights/Documents/Drips Miantainer Project/SoroTask/keeper/src/logger.js": {"lines":{"total":5,"covered":0,"skipped":0,"pct":0},"functions":{"total":4,"covered":0,"skipped":0,"pct":0},"statements":{"total":5,"covered":0,"skipped":0,"pct":0},"branches":{"total":2,"covered":0,"skipped":0,"pct":0}}
,"/home/knights/Documents/Drips Miantainer Project/SoroTask/keeper/src/metrics.js": {"lines":{"total":63,"covered":21,"skipped":0,"pct":33.33},"functions":{"total":18,"covered":5,"skipped":0,"pct":27.77},"statements":{"total":63,"covered":21,"skipped":0,"pct":33.33},"branches":{"total":35,"covered":8,"skipped":0,"pct":22.85}}
,"/home/knights/Documents/Drips Miantainer Project/SoroTask/keeper/src/poller.js": {"lines":{"total":116,"covered":73,"skipped":0,"pct":62.93},"functions":{"total":11,"covered":10,"skipped":0,"pct":90.9},"statements":{"total":117,"covered":74,"skipped":0,"pct":63.24},"branches":{"total":55,"covered":34,"skipped":0,"pct":61.81}}
,"/home/knights/Documents/Drips Miantainer Project/SoroTask/keeper/src/queue.js": {"lines":{"total":49,"covered":13,"skipped":0,"pct":26.53},"functions":{"total":7,"covered":1,"skipped":0,"pct":14.28},"statements":{"total":50,"covered":13,"skipped":0,"pct":26},"branches":{"total":11,"covered":3,"skipped":0,"pct":27.27}}
,"/home/knights/Documents/Drips Miantainer Project/SoroTask/keeper/src/registry.js": {"lines":{"total":70,"covered":62,"skipped":0,"pct":88.57},"functions":{"total":12,"covered":12,"skipped":0,"pct":100},"statements":{"total":72,"covered":64,"skipped":0,"pct":88.88},"branches":{"total":42,"covered":32,"skipped":0,"pct":76.19}}
,"/home/knights/Documents/Drips Miantainer Project/SoroTask/keeper/src/retry.js": {"lines":{"total":7,"covered":0,"skipped":0,"pct":0},"functions":{"total":2,"covered":0,"skipped":0,"pct":0},"statements":{"total":9,"covered":0,"skipped":0,"pct":0},"branches":{"total":4,"covered":0,"skipped":0,"pct":0}}
,"/home/knights/Documents/Drips Miantainer Project/SoroTask/keeper/src/rpc.js": {"lines":{"total":11,"covered":0,"skipped":0,"pct":0},"functions":{"total":1,"covered":0,"skipped":0,"pct":0},"statements":{"total":11,"covered":0,"skipped":0,"pct":0},"branches":{"total":2,"covered":0,"skipped":0,"pct":0}}
,"/home/knights/Documents/Drips Miantainer Project/SoroTask/keeper/src/server.js": {"lines":{"total":0,"covered":0,"skipped":0,"pct":0},"functions":{"total":0,"covered":0,"skipped":0,"pct":0},"statements":{"total":0,"covered":0,"skipped":0,"pct":0},"branches":{"total":0,"covered":0,"skipped":0,"pct":0}}
}
