{"total": {"lines":{"total":357,"covered":320,"skipped":0,"pct":89.63},"statements":{"total":364,"covered":324,"skipped":0,"pct":89.01},"functions":{"total":67,"covered":66,"skipped":0,"pct":98.5},"branches":{"total":198,"covered":160,"skipped":0,"pct":80.8},"branchesTrue":{"total":0,"covered":0,"skipped":0,"pct":"Unknown"}}
,"C:\\Users\\LENOVO\\Desktop\\SoroTask\\keeper\\src\\concurrency.js": {"lines":{"total":22,"covered":22,"skipped":0,"pct":100},"functions":{"total":6,"covered":6,"skipped":0,"pct":100},"statements":{"total":22,"covered":22,"skipped":0,"pct":100},"branches":{"total":4,"covered":4,"skipped":0,"pct":100}}
,"C:\\Users\\LENOVO\\Desktop\\SoroTask\\keeper\\src\\logger.js": {"lines":{"total":33,"covered":33,"skipped":0,"pct":100},"functions":{"total":18,"covered":18,"skipped":0,"pct":100},"statements":{"total":33,"covered":33,"skipped":0,"pct":100},"branches":{"total":20,"covered":15,"skipped":0,"pct":75}}
,"C:\\Users\\LENOVO\\Desktop\\SoroTask\\keeper\\src\\poller.js": {"lines":{"total":117,"covered":95,"skipped":0,"pct":81.19},"functions":{"total":11,"covered":11,"skipped":0,"pct":100},"statements":{"total":118,"covered":96,"skipped":0,"pct":81.35},"branches":{"total":57,"covered":44,"skipped":0,"pct":77.19}}
,"C:\\Users\\LENOVO\\Desktop\\SoroTask\\keeper\\src\\queue.js": {"lines":{"total":52,"covered":51,"skipped":0,"pct":98.07},"functions":{"total":7,"covered":6,"skipped":0,"pct":85.71},"statements":{"total":53,"covered":51,"skipped":0,"pct":96.22},"branches":{"total":13,"covered":13,"skipped":0,"pct":100}}
,"C:\\Users\\LENOVO\\Desktop\\SoroTask\\keeper\\src\\registry.js": {"lines":{"total":72,"covered":64,"skipped":0,"pct":88.88},"functions":{"total":12,"covered":12,"skipped":0,"pct":100},"statements":{"total":74,"covered":66,"skipped":0,"pct":89.18},"branches":{"total":44,"covered":34,"skipped":0,"pct":77.27}}
,"C:\\Users\\LENOVO\\Desktop\\SoroTask\\keeper\\src\\retry.js": {"lines":{"total":61,"covered":55,"skipped":0,"pct":90.16},"functions":{"total":13,"covered":13,"skipped":0,"pct":100},"statements":{"total":64,"covered":56,"skipped":0,"pct":87.5},"branches":{"total":60,"covered":50,"skipped":0,"pct":83.33}}
}
