TN:
SF:src\concurrency.js
FN:1,createConcurrencyLimit
FN:7,(anonymous_1)
FN:18,(anonymous_2)
FN:24,(anonymous_3)
FN:25,(anonymous_4)
FN:30,(anonymous_5)
FNF:6
FNH:6
FNDA:62,createConcurrencyLimit
FNDA:122,(anonymous_1)
FNDA:60,(anonymous_2)
FNDA:62,(anonymous_3)
FNDA:62,(anonymous_4)
FNDA:37,(anonymous_5)
DA:2,62
DA:3,62
DA:4,62
DA:5,62
DA:7,62
DA:8,122
DA:9,62
DA:12,60
DA:13,60
DA:15,60
DA:19,60
DA:20,60
DA:24,62
DA:25,62
DA:26,62
DA:27,62
DA:30,62
DA:31,37
DA:32,2
DA:33,2
DA:37,62
DA:40,3
LF:22
LH:22
BRDA:8,0,0,62
BRDA:8,0,1,60
BRDA:8,1,0,122
BRDA:8,1,1,113
BRF:4
BRH:4
end_of_record
TN:
SF:src\logger.js
FN:34,normalizeLogLevel
FN:38,shouldUsePrettyTransport
FN:48,createBaseLogger
FN:60,(anonymous_3)
FN:67,(anonymous_4)
FN:72,(anonymous_5)
FN:104,getBaseLogger
FN:122,createLogger
FN:130,(anonymous_8)
FN:133,(anonymous_9)
FN:136,(anonymous_10)
FN:139,(anonymous_11)
FN:142,(anonymous_12)
FN:145,(anonymous_13)
FN:158,createChildLogger
FN:168,reinitializeLogger
FN:177,getLogLevel
FN:185,setLogLevel
FNF:18
FNH:18
FNDA:25,normalizeLogLevel
FNDA:46,shouldUsePrettyTransport
FNDA:23,createBaseLogger
FNDA:23,(anonymous_3)
FNDA:138,(anonymous_4)
FNDA:68,(anonymous_5)
FNDA:63,getBaseLogger
FNDA:55,createLogger
FNDA:1,(anonymous_8)
FNDA:1,(anonymous_9)
FNDA:39,(anonymous_10)
FNDA:5,(anonymous_11)
FNDA:5,(anonymous_12)
FNDA:1,(anonymous_13)
FNDA:1,createChildLogger
FNDA:2,reinitializeLogger
FNDA:3,getLogLevel
FNDA:1,setLogLevel
DA:14,23
DA:20,23
DA:32,23
DA:35,25
DA:39,46
DA:49,23
DA:61,23
DA:68,138
DA:72,68
DA:80,23
DA:81,1
DA:92,23
DA:93,23
DA:94,23
DA:98,23
DA:105,63
DA:106,21
DA:108,63
DA:123,55
DA:126,55
DA:129,55
DA:131,1
DA:134,1
DA:137,39
DA:140,5
DA:143,5
DA:146,1
DA:159,1
DA:169,2
DA:170,2
DA:178,3
DA:186,1
DA:190,23
LF:33
LH:33
BRDA:35,0,0,4
BRDA:35,0,1,21
BRDA:48,1,0,21
BRDA:80,2,0,1
BRDA:80,2,1,22
BRDA:81,3,0,1
BRDA:81,3,1,1
BRDA:92,4,0,1
BRDA:92,4,1,22
BRDA:93,5,0,1
BRDA:93,5,1,22
BRDA:105,6,0,21
BRDA:105,6,1,42
BRDA:130,7,0,0
BRDA:133,8,0,0
BRDA:136,9,0,10
BRDA:139,10,0,1
BRDA:142,11,0,0
BRDA:145,12,0,0
BRDA:168,13,0,0
BRF:20
BRH:15
end_of_record
TN:
SF:src\poller.js
FN:11,(anonymous_0)
FN:43,(anonymous_1)
FN:66,(anonymous_2)
FN:67,(anonymous_3)
FN:75,(anonymous_4)
FN:112,(anonymous_5)
FN:157,(anonymous_6)
FN:212,(anonymous_7)
FN:240,(anonymous_8)
FN:288,(anonymous_9)
FN:303,(anonymous_10)
FNF:11
FNH:11
FNDA:26,(anonymous_0)
FNDA:14,(anonymous_1)
FNDA:22,(anonymous_2)
FNDA:22,(anonymous_3)
FNDA:22,(anonymous_4)
FNDA:18,(anonymous_5)
FNDA:12,(anonymous_6)
FNDA:12,(anonymous_7)
FNDA:30,(anonymous_8)
FNDA:11,(anonymous_9)
FNDA:1,(anonymous_10)
DA:1,2
DA:2,2
DA:3,2
DA:12,26
DA:13,26
DA:16,26
DA:19,26
DA:25,26
DA:28,26
DA:44,14
DA:45,14
DA:46,14
DA:47,14
DA:48,14
DA:49,14
DA:51,14
DA:52,3
DA:53,3
DA:56,11
DA:58,11
DA:59,11
DA:63,11
DA:66,11
DA:67,22
DA:70,11
DA:73,11
DA:75,11
DA:76,22
DA:77,19
DA:79,19
DA:80,12
DA:81,12
DA:82,7
DA:83,2
DA:86,19
DA:87,3
DA:88,3
DA:89,3
DA:93,11
DA:94,11
DA:96,11
DA:99,0
DA:100,0
DA:101,0
DA:113,18
DA:115,18
DA:117,16
DA:118,1
DA:119,1
DA:123,15
DA:124,3
DA:125,3
DA:129,12
DA:130,12
DA:132,12
DA:133,10
DA:142,12
DA:145,2
DA:146,2
DA:158,12
DA:159,12
DA:162,12
DA:168,12
DA:173,12
DA:181,11
DA:183,10
DA:184,0
DA:187,10
DA:189,10
DA:190,0
DA:194,10
DA:195,10
DA:199,2
DA:200,0
DA:202,2
DA:213,12
DA:215,12
DA:216,1
DA:220,11
DA:221,11
DA:222,11
DA:223,11
DA:224,1
DA:227,10
DA:231,10
DA:232,0
DA:233,0
DA:236,10
DA:237,10
DA:240,10
DA:241,30
DA:242,30
DA:244,30
DA:246,10
DA:247,10
DA:249,10
DA:250,10
DA:252,10
DA:253,10
DA:255,0
DA:256,0
DA:258,0
DA:259,0
DA:261,0
DA:262,0
DA:264,0
DA:265,0
DA:267,0
DA:268,0
DA:270,0
DA:271,0
DA:275,10
DA:278,0
DA:279,0
DA:289,11
DA:304,1
DA:308,2
LF:117
LH:95
BRDA:11,0,0,1
BRDA:16,1,0,26
BRDA:16,1,1,20
BRDA:20,2,0,26
BRDA:20,2,1,5
BRDA:20,2,2,5
BRDA:51,3,0,3
BRDA:51,3,1,11
BRDA:51,4,0,14
BRDA:51,4,1,13
BRDA:76,5,0,19
BRDA:76,5,1,3
BRDA:76,6,0,22
BRDA:76,6,1,19
BRDA:79,7,0,12
BRDA:79,7,1,7
BRDA:82,8,0,2
BRDA:82,8,1,5
BRDA:87,9,0,3
BRDA:87,9,1,0
BRDA:89,10,0,3
BRDA:89,10,1,0
BRDA:117,11,0,1
BRDA:117,11,1,15
BRDA:123,12,0,3
BRDA:123,12,1,12
BRDA:132,13,0,10
BRDA:132,13,1,2
BRDA:175,14,0,12
BRDA:175,14,1,12
BRDA:183,15,0,0
BRDA:183,15,1,10
BRDA:183,16,0,10
BRDA:183,16,1,10
BRDA:189,17,0,0
BRDA:189,17,1,10
BRDA:199,18,0,0
BRDA:199,18,1,2
BRDA:199,19,0,2
BRDA:199,19,1,2
BRDA:215,20,0,1
BRDA:215,20,1,11
BRDA:221,21,0,11
BRDA:221,21,1,0
BRDA:223,22,0,1
BRDA:223,22,1,10
BRDA:231,23,0,0
BRDA:231,23,1,10
BRDA:244,24,0,10
BRDA:244,24,1,10
BRDA:244,24,2,10
BRDA:244,24,3,0
BRDA:244,24,4,0
BRDA:244,24,5,0
BRDA:244,24,6,0
BRDA:244,24,7,0
BRDA:244,24,8,0
BRF:57
BRH:44
end_of_record
TN:
SF:src\queue.js
FN:5,(anonymous_0)
FN:25,(anonymous_1)
FN:27,(anonymous_2)
FN:39,(anonymous_3)
FN:40,(anonymous_4)
FN:91,(anonymous_5)
FN:100,(anonymous_6)
FNF:7
FNH:6
FNDA:36,(anonymous_0)
FNDA:21,(anonymous_1)
FNDA:41,(anonymous_2)
FNDA:40,(anonymous_3)
FNDA:38,(anonymous_4)
FNDA:37,(anonymous_5)
FNDA:0,(anonymous_6)
DA:1,2
DA:2,2
DA:6,36
DA:8,36
DA:13,36
DA:14,36
DA:16,36
DA:17,36
DA:18,36
DA:19,36
DA:21,36
DA:22,36
DA:26,21
DA:27,41
DA:30,21
DA:33,21
DA:34,4
DA:37,21
DA:39,21
DA:40,40
DA:41,38
DA:42,38
DA:44,38
DA:46,38
DA:47,38
DA:48,33
DA:49,33
DA:50,4
DA:52,33
DA:54,5
DA:55,5
DA:56,5
DA:57,1
DA:59,5
DA:61,38
DA:66,21
DA:68,21
DA:69,21
DA:73,21
DA:74,21
DA:75,1
DA:78,21
DA:85,21
DA:86,21
DA:87,21
DA:92,37
DA:93,37
DA:95,37
DA:96,3
DA:99,37
DA:100,0
DA:105,2
LF:52
LH:51
BRDA:9,0,0,36
BRDA:9,0,1,27
BRDA:9,0,2,26
BRDA:33,1,0,4
BRDA:33,1,1,17
BRDA:49,2,0,4
BRDA:49,2,1,29
BRDA:56,3,0,1
BRDA:56,3,1,4
BRDA:74,4,0,1
BRDA:74,4,1,20
BRDA:95,5,0,3
BRDA:95,5,1,34
BRF:13
BRH:13
end_of_record
TN:
SF:src\registry.js
FN:10,(anonymous_0)
FN:24,(anonymous_1)
FN:34,(anonymous_2)
FN:42,(anonymous_3)
FN:43,(anonymous_4)
FN:48,(anonymous_5)
FN:125,(anonymous_6)
FN:145,(anonymous_7)
FN:151,(anonymous_8)
FN:156,(anonymous_9)
FN:168,(anonymous_10)
FN:171,(anonymous_11)
FNF:12
FNH:12
FNDA:15,(anonymous_0)
FNDA:14,(anonymous_1)
FNDA:2,(anonymous_2)
FNDA:16,(anonymous_3)
FNDA:11,(anonymous_4)
FNDA:16,(anonymous_5)
FNDA:19,(anonymous_6)
FNDA:15,(anonymous_7)
FNDA:15,(anonymous_8)
FNDA:2,(anonymous_9)
FNDA:14,(anonymous_10)
FNDA:9,(anonymous_11)
DA:1,2
DA:2,2
DA:3,2
DA:4,2
DA:6,2
DA:7,2
DA:11,15
DA:12,15
DA:13,15
DA:14,15
DA:15,15
DA:16,15
DA:17,15
DA:25,14
DA:26,14
DA:27,14
DA:35,2
DA:43,16
DA:49,16
DA:51,16
DA:52,1
DA:54,1
DA:57,16
DA:60,16
DA:61,16
DA:63,16
DA:64,16
DA:78,16
DA:79,0
DA:80,0
DA:83,16
DA:85,14
DA:86,3
DA:87,3
DA:90,11
DA:91,19
DA:92,19
DA:93,19
DA:94,18
DA:95,18
DA:98,0
DA:102,19
DA:103,19
DA:108,11
DA:109,11
DA:111,0
DA:115,14
DA:118,2
DA:128,19
DA:129,0
DA:132,19
DA:135,19
DA:138,19
DA:139,19
DA:142,0
DA:146,15
DA:147,14
DA:152,15
DA:153,15
DA:154,1
DA:155,1
DA:156,2
DA:158,1
DA:159,1
DA:161,1
DA:164,0
DA:169,14
DA:170,14
DA:171,9
DA:175,14
DA:177,0
DA:182,2
LF:72
LH:64
BRDA:10,0,0,2
BRDA:14,1,0,15
BRDA:14,1,1,2
BRDA:15,2,0,15
BRDA:15,2,1,8
BRDA:51,3,0,1
BRDA:51,3,1,15
BRDA:65,4,0,0
BRDA:65,4,1,16
BRDA:78,5,0,0
BRDA:78,5,1,16
BRDA:85,6,0,3
BRDA:85,6,1,11
BRDA:85,7,0,14
BRDA:85,7,1,14
BRDA:85,7,2,14
BRDA:93,8,0,18
BRDA:93,8,1,1
BRDA:93,9,0,19
BRDA:93,9,1,19
BRDA:102,10,0,19
BRDA:102,10,1,0
BRDA:102,11,0,19
BRDA:102,11,1,19
BRDA:108,12,0,11
BRDA:108,12,1,0
BRDA:111,13,0,0
BRDA:111,13,1,0
BRDA:128,14,0,0
BRDA:128,14,1,19
BRDA:128,15,0,19
BRDA:128,15,1,19
BRDA:138,16,0,19
BRDA:138,16,1,0
BRDA:146,17,0,14
BRDA:146,17,1,1
BRDA:153,18,0,1
BRDA:153,18,1,14
BRDA:155,19,0,1
BRDA:155,19,1,0
BRDA:158,20,0,1
BRDA:158,20,1,0
BRDA:158,21,0,1
BRDA:158,21,1,1
BRF:44
BRH:34
end_of_record
TN:
SF:src\retry.js
FN:55,classifyError
FN:64,(anonymous_1)
FN:74,(anonymous_2)
FN:82,(anonymous_3)
FN:109,extractErrorCode
FN:129,calculateDelay
FN:148,sleep
FN:149,(anonymous_7)
FN:178,withRetry
FN:270,retry
FN:275,(anonymous_10)
FN:283,isRetryableError
FN:292,isDuplicateTransactionError
FNF:13
FNH:13
FNDA:48,classifyError
FNDA:133,(anonymous_1)
FNDA:393,(anonymous_2)
FNDA:66,(anonymous_3)
FNDA:45,extractErrorCode
FNDA:26,calculateDelay
FNDA:26,sleep
FNDA:26,(anonymous_7)
FNDA:22,withRetry
FNDA:2,retry
FNDA:2,(anonymous_10)
FNDA:7,isRetryableError
FNDA:4,isDuplicateTransactionError
DA:4,2
DA:13,2
DA:27,2
DA:44,2
DA:56,48
DA:58,48
DA:59,48
DA:60,48
DA:61,48
DA:64,48
DA:65,133
DA:70,6
DA:74,42
DA:75,393
DA:78,8
DA:82,34
DA:83,66
DA:86,31
DA:91,3
DA:98,3
DA:101,0
DA:110,45
DA:112,0
DA:114,0
DA:115,0
DA:116,0
DA:119,45
DA:131,26
DA:134,26
DA:138,26
DA:140,26
DA:149,26
DA:155,2
DA:179,22
DA:181,22
DA:183,22
DA:184,48
DA:185,48
DA:186,11
DA:193,37
DA:194,37
DA:197,37
DA:198,3
DA:199,1
DA:201,3
DA:211,34
DA:212,4
DA:222,30
DA:223,4
DA:224,1
DA:226,4
DA:237,26
DA:240,26
DA:241,9
DA:245,26
DA:247,26
DA:252,0
DA:271,2
DA:275,2
DA:284,7
DA:293,4
LF:61
LH:55
BRDA:56,0,0,0
BRDA:56,0,1,48
BRDA:58,1,0,48
BRDA:58,1,1,45
BRDA:58,1,2,45
BRDA:59,2,0,3
BRDA:59,2,1,45
BRDA:60,3,0,48
BRDA:60,3,1,1
BRDA:60,3,2,1
BRDA:64,4,0,6
BRDA:64,4,1,42
BRDA:65,5,0,133
BRDA:65,5,1,132
BRDA:65,5,2,128
BRDA:65,5,3,128
BRDA:74,6,0,8
BRDA:74,6,1,34
BRDA:75,7,0,393
BRDA:75,7,1,392
BRDA:82,8,0,31
BRDA:82,8,1,3
BRDA:83,9,0,66
BRDA:83,9,1,66
BRDA:91,10,0,3
BRDA:91,10,1,0
BRDA:91,11,0,3
BRDA:91,11,1,3
BRDA:91,11,2,2
BRDA:91,11,3,1
BRDA:91,11,4,1
BRDA:91,11,5,1
BRDA:91,11,6,1
BRDA:110,12,0,0
BRDA:110,12,1,45
BRDA:112,13,0,0
BRDA:112,13,1,0
BRDA:116,14,0,0
BRDA:116,14,1,0
BRDA:156,15,0,2
BRDA:156,15,1,1
BRDA:157,16,0,2
BRDA:157,16,1,2
BRDA:158,17,0,2
BRDA:158,17,1,2
BRDA:178,18,0,0
BRDA:197,19,0,3
BRDA:197,19,1,34
BRDA:198,20,0,1
BRDA:198,20,1,2
BRDA:211,21,0,4
BRDA:211,21,1,30
BRDA:222,22,0,4
BRDA:222,22,1,26
BRDA:223,23,0,1
BRDA:223,23,1,3
BRDA:240,24,0,9
BRDA:240,24,1,17
BRDA:270,25,0,0
BRDA:270,26,0,0
BRF:60
BRH:50
end_of_record
